2025-02-10 17:09:47,373 - INFO - Logging to another terminal in Windows!
2025-02-10 17:09:49,685 - INFO - Current min lip height: 31.301455334323048, max lip height: 31.301455334323048
2025-02-10 17:09:49,736 - INFO - Current min lip height: 30.517761717065618, max lip height: 31.301455334323048
2025-02-10 17:09:49,757 - INFO - Current min lip height: 28.127841626594623, max lip height: 31.301455334323048
2025-02-10 17:09:49,818 - INFO - Current min lip height: 20.18544474061762, max lip height: 31.301455334323048
2025-02-10 17:09:49,858 - INFO - Current min lip height: 0.0, max lip height: 31.301455334323048
2025-02-10 17:09:49,908 - INFO - Current min lip height: 0.0, max lip height: 31.468029939381566
2025-02-10 17:09:49,957 - INFO - Current min lip height: 0.0, max lip height: 31.468029939381566
2025-02-10 17:09:50,007 - INFO - Current min lip height: 0.0, max lip height: 31.468029939381566
2025-02-10 17:09:50,057 - INFO - Current min lip height: 0.0, max lip height: 34.21055640561462
2025-02-10 17:09:50,108 - INFO - Current min lip height: 0.0, max lip height: 34.21055640561462
2025-02-10 17:09:50,158 - INFO - Current min lip height: 0.0, max lip height: 34.21055640561462
2025-02-10 17:09:50,207 - INFO - Current min lip height: 0.0, max lip height: 34.21055640561462
2025-02-10 17:09:50,257 - INFO - Current min lip height: 0.0, max lip height: 34.21055640561462
2025-02-10 17:09:50,308 - INFO - Current min lip height: 0.0, max lip height: 34.21055640561462
2025-02-10 17:09:50,358 - INFO - Current min lip height: 0.0, max lip height: 34.21055640561462
2025-02-10 17:09:50,408 - INFO - Current min lip height: 0.0, max lip height: 34.21055640561462
2025-02-10 17:09:50,468 - INFO - Current min lip height: 0.0, max lip height: 34.21055640561462
2025-02-10 17:09:50,517 - INFO - Current min lip height: 0.0, max lip height: 34.21055640561462
2025-02-10 17:09:50,558 - INFO - Current min lip height: 0.0, max lip height: 34.21055640561462
2025-02-10 17:09:50,607 - INFO - Current min lip height: 0.0, max lip height: 34.21055640561462
2025-02-10 17:09:50,657 - INFO - Current min lip height: 0.0, max lip height: 34.21055640561462
2025-02-10 17:09:50,707 - INFO - Current min lip height: 0.0, max lip height: 34.21055640561462
2025-02-10 17:09:50,767 - INFO - Current min lip height: 0.0, max lip height: 34.21055640561462
2025-02-10 17:09:50,817 - INFO - Current min lip height: 0.0, max lip height: 34.21055640561462
2025-02-10 17:09:50,856 - INFO - Current min lip height: 0.0, max lip height: 34.21055640561462
2025-02-10 17:09:50,907 - INFO - Current min lip height: 0.0, max lip height: 34.21055640561462
2025-02-10 17:09:50,957 - INFO - Current min lip height: 0.0, max lip height: 34.21055640561462
2025-02-10 17:09:51,007 - INFO - Current min lip height: 0.0, max lip height: 34.21055640561462
2025-02-10 17:09:51,057 - INFO - Current min lip height: 0.0, max lip height: 34.21055640561462
2025-02-10 17:09:51,107 - INFO - Current min lip height: 0.0, max lip height: 34.21055640561462
2025-02-10 17:09:51,157 - INFO - Current min lip height: 0.0, max lip height: 34.21055640561462
2025-02-10 17:09:51,208 - INFO - Current min lip height: 0.0, max lip height: 34.21055640561462
2025-02-10 17:09:51,258 - INFO - Current min lip height: 0.0, max lip height: 34.21055640561462
2025-02-10 17:09:51,317 - INFO - Current min lip height: 0.0, max lip height: 34.21055640561462
2025-02-10 17:09:51,367 - INFO - Current min lip height: 0.0, max lip height: 34.21055640561462
2025-02-10 17:09:51,408 - INFO - Current min lip height: 0.0, max lip height: 34.21055640561462
2025-02-10 17:09:51,457 - INFO - Current min lip height: 0.0, max lip height: 34.21055640561462
2025-02-10 17:09:51,507 - INFO - Current min lip height: 0.0, max lip height: 34.21055640561462
2025-02-10 17:09:51,557 - INFO - Current min lip height: 0.0, max lip height: 34.21055640561462
2025-02-10 17:09:51,607 - INFO - Current min lip height: 0.0, max lip height: 34.21055640561462
2025-02-10 17:09:51,658 - INFO - Current min lip height: 0.0, max lip height: 34.21055640561462
2025-02-10 17:09:51,718 - INFO - Current min lip height: 0.0, max lip height: 34.21055640561462
2025-02-10 17:09:51,768 - INFO - Current min lip height: 0.0, max lip height: 34.21055640561462
2025-02-10 17:09:51,818 - INFO - Current min lip height: 0.0, max lip height: 34.21055640561462
2025-02-10 17:09:51,858 - INFO - Current min lip height: 0.0, max lip height: 34.21055640561462
2025-02-10 17:09:51,906 - INFO - Current min lip height: 0.0, max lip height: 34.21055640561462
2025-02-10 17:09:51,956 - INFO - Current min lip height: 0.0, max lip height: 34.21055640561462
2025-02-10 17:09:52,006 - INFO - Current min lip height: 0.0, max lip height: 34.21055640561462
2025-02-10 17:09:52,056 - INFO - Current min lip height: 0.0, max lip height: 34.21055640561462
2025-02-10 17:09:52,106 - INFO - Current min lip height: 0.0, max lip height: 34.21055640561462
2025-02-10 17:09:52,156 - INFO - Current min lip height: 0.0, max lip height: 34.21055640561462
2025-02-10 17:09:52,206 - INFO - Current min lip height: 0.0, max lip height: 34.21055640561462
2025-02-10 17:09:52,256 - INFO - Current min lip height: 0.0, max lip height: 34.21055640561462
2025-02-10 17:09:52,307 - INFO - Current min lip height: 0.0, max lip height: 34.21055640561462
2025-02-10 17:09:52,367 - INFO - Current min lip height: 0.0, max lip height: 34.21055640561462
2025-02-10 17:09:52,418 - INFO - Current min lip height: 0.0, max lip height: 34.21055640561462
2025-02-10 17:09:52,457 - INFO - Current min lip height: 0.0, max lip height: 34.21055640561462
2025-02-10 17:09:52,508 - INFO - Current min lip height: 0.0, max lip height: 35.50771289426344
2025-02-10 17:09:52,558 - INFO - Current min lip height: 0.0, max lip height: 35.50771289426344
2025-02-10 17:09:52,607 - INFO - Current min lip height: 0.0, max lip height: 35.50771289426344
2025-02-10 17:09:52,658 - INFO - Current min lip height: 0.0, max lip height: 35.50771289426344
2025-02-10 17:09:52,707 - INFO - Current min lip height: 0.0, max lip height: 35.50771289426344
2025-02-10 17:09:52,757 - INFO - Current min lip height: 0.0, max lip height: 35.50771289426344
2025-02-10 17:09:52,808 - INFO - Current min lip height: 0.0, max lip height: 35.50771289426344
2025-02-10 17:09:52,858 - INFO - Current min lip height: 0.0, max lip height: 35.50771289426344
2025-02-10 17:09:52,918 - INFO - Current min lip height: 0.0, max lip height: 35.50771289426344
2025-02-10 17:09:52,960 - INFO - Current min lip height: 0.0, max lip height: 35.50771289426344
2025-02-10 17:09:53,009 - INFO - Current min lip height: 0.0, max lip height: 35.50771289426344
2025-02-10 17:09:53,060 - INFO - Current min lip height: 0.0, max lip height: 35.50771289426344
2025-02-10 17:09:53,108 - INFO - Current min lip height: 0.0, max lip height: 35.50771289426344
2025-02-10 17:09:53,158 - INFO - Current min lip height: 0.0, max lip height: 37.50413567394478
2025-02-10 17:09:53,209 - INFO - Current min lip height: 0.0, max lip height: 37.50413567394478
2025-02-10 17:09:53,260 - INFO - Current min lip height: 0.0, max lip height: 37.50413567394478
2025-02-10 17:09:53,309 - INFO - Current min lip height: 0.0, max lip height: 37.50413567394478
2025-02-10 17:09:53,360 - INFO - Current min lip height: 0.0, max lip height: 37.50413567394478
2025-02-10 17:09:53,409 - INFO - Current min lip height: 0.0, max lip height: 37.50413567394478
2025-02-10 17:09:53,458 - INFO - Current min lip height: 0.0, max lip height: 37.50413567394478
2025-02-10 17:09:53,508 - INFO - Current min lip height: 0.0, max lip height: 37.50413567394478
2025-02-10 17:09:53,568 - INFO - Current min lip height: 0.0, max lip height: 37.50413567394478
2025-02-10 17:09:53,610 - INFO - Current min lip height: 0.0, max lip height: 37.50413567394478
2025-02-10 17:09:53,658 - INFO - Current min lip height: 0.0, max lip height: 37.50413567394478
2025-02-10 17:09:53,709 - INFO - Current min lip height: 0.0, max lip height: 37.50413567394478
2025-02-10 17:09:53,758 - INFO - Current min lip height: 0.0, max lip height: 37.50413567394478
2025-02-10 17:09:53,808 - INFO - Current min lip height: 0.0, max lip height: 37.50413567394478
2025-02-10 17:09:53,858 - INFO - Current min lip height: 0.0, max lip height: 37.50413567394478
2025-02-10 17:09:53,908 - INFO - Current min lip height: 0.0, max lip height: 37.50413567394478
2025-02-10 17:09:53,968 - INFO - Current min lip height: 0.0, max lip height: 37.50413567394478
2025-02-10 17:09:54,008 - INFO - Current min lip height: 0.0, max lip height: 37.50413567394478
2025-02-10 17:09:54,058 - INFO - Current min lip height: 0.0, max lip height: 37.50413567394478
2025-02-10 17:09:54,108 - INFO - Current min lip height: 0.0, max lip height: 37.50413567394478
2025-02-10 17:09:54,159 - INFO - Current min lip height: 0.0, max lip height: 37.50413567394478
2025-02-10 17:09:54,208 - INFO - Current min lip height: 0.0, max lip height: 37.50413567394478
2025-02-10 17:09:54,260 - INFO - Current min lip height: 0.0, max lip height: 37.50413567394478
2025-02-10 17:09:54,309 - INFO - Current min lip height: 0.0, max lip height: 37.50413567394478
2025-02-10 17:09:54,358 - INFO - Current min lip height: 0.0, max lip height: 37.50413567394478
2025-02-10 17:09:54,410 - INFO - Current min lip height: 0.0, max lip height: 37.50413567394478
2025-02-10 17:09:54,459 - INFO - Current min lip height: 0.0, max lip height: 37.50413567394478
2025-02-10 17:09:54,518 - INFO - Current min lip height: 0.0, max lip height: 37.50413567394478
2025-02-10 17:09:54,560 - INFO - Current min lip height: 0.0, max lip height: 37.50413567394478
2025-02-10 17:09:54,619 - INFO - Current min lip height: 0.0, max lip height: 37.50413567394478
2025-02-10 17:09:54,660 - INFO - Current min lip height: 0.0, max lip height: 37.50413567394478
2025-02-10 17:09:54,719 - INFO - Current min lip height: 0.0, max lip height: 37.50413567394478
2025-02-10 17:09:54,760 - INFO - Current min lip height: 0.0, max lip height: 37.50413567394478
2025-02-10 17:09:54,818 - INFO - Current min lip height: 0.0, max lip height: 37.50413567394478
2025-02-10 17:09:54,858 - INFO - Current min lip height: 0.0, max lip height: 37.50413567394478
2025-02-10 17:09:54,908 - INFO - Current min lip height: 0.0, max lip height: 37.50413567394478
2025-02-10 17:09:54,958 - INFO - Current min lip height: 0.0, max lip height: 37.50413567394478
2025-02-10 17:09:55,008 - INFO - Current min lip height: 0.0, max lip height: 37.50413567394478
2025-02-10 17:09:55,058 - INFO - Current min lip height: 0.0, max lip height: 37.50413567394478
2025-02-10 17:09:55,109 - INFO - Current min lip height: 0.0, max lip height: 37.50413567394478
2025-02-10 17:09:55,158 - INFO - Current min lip height: 0.0, max lip height: 37.50413567394478
2025-02-10 17:09:55,209 - INFO - Current min lip height: 0.0, max lip height: 37.50413567394478
2025-02-10 17:09:55,258 - INFO - Current min lip height: 0.0, max lip height: 37.50413567394478
2025-02-10 17:09:55,308 - INFO - Current min lip height: 0.0, max lip height: 37.50413567394478
2025-02-10 17:09:55,358 - INFO - Current min lip height: 0.0, max lip height: 37.50413567394478
2025-02-10 17:09:55,407 - INFO - Current min lip height: 0.0, max lip height: 37.50413567394478
2025-02-10 17:09:55,467 - INFO - Current min lip height: 0.0, max lip height: 37.50413567394478
2025-02-10 17:09:55,507 - INFO - Current min lip height: 0.0, max lip height: 37.50413567394478
2025-02-10 17:09:55,567 - INFO - Current min lip height: 0.0, max lip height: 37.50413567394478
2025-02-10 17:09:55,617 - INFO - Current min lip height: 0.0, max lip height: 37.50413567394478
2025-02-10 17:09:55,667 - INFO - Current min lip height: 0.0, max lip height: 37.50413567394478
2025-02-10 17:09:55,707 - INFO - Current min lip height: 0.0, max lip height: 37.50413567394478
2025-02-10 17:09:55,757 - INFO - Current min lip height: 0.0, max lip height: 37.50413567394478
2025-02-10 17:09:55,807 - INFO - Current min lip height: 0.0, max lip height: 37.50413567394478
2025-02-10 17:09:55,857 - INFO - Current min lip height: 0.0, max lip height: 37.50413567394478
2025-02-10 17:09:55,916 - INFO - Current min lip height: 0.0, max lip height: 37.50413567394478
2025-02-10 17:09:55,966 - INFO - Current min lip height: 0.0, max lip height: 37.50413567394478
2025-02-10 17:09:56,016 - INFO - Current min lip height: 0.0, max lip height: 37.50413567394478
2025-02-10 17:09:56,057 - INFO - Current min lip height: 0.0, max lip height: 37.50413567394478
2025-02-10 17:09:56,106 - INFO - Current min lip height: 0.0, max lip height: 37.50413567394478
2025-02-10 17:09:56,156 - INFO - Current min lip height: 0.0, max lip height: 37.50413567394478
2025-02-10 17:09:56,206 - INFO - Current min lip height: 0.0, max lip height: 37.50413567394478
2025-02-10 17:09:56,256 - INFO - Current min lip height: 0.0, max lip height: 37.50413567394478
2025-02-10 17:09:56,305 - INFO - Current min lip height: 0.0, max lip height: 37.50413567394478
2025-02-10 17:09:56,356 - INFO - Current min lip height: 0.0, max lip height: 37.50413567394478
2025-02-10 17:09:56,406 - INFO - Current min lip height: 0.0, max lip height: 37.50413567394478
2025-02-10 17:09:56,466 - INFO - Current min lip height: 0.0, max lip height: 37.50413567394478
2025-02-10 17:09:56,506 - INFO - Current min lip height: 0.0, max lip height: 37.50413567394478
2025-02-10 17:09:56,556 - INFO - Current min lip height: 0.0, max lip height: 37.50413567394478
2025-02-10 17:09:56,606 - INFO - Current min lip height: 0.0, max lip height: 37.50413567394478
2025-02-10 17:09:56,657 - INFO - Current min lip height: 0.0, max lip height: 37.50413567394478
2025-02-10 17:09:56,706 - INFO - Current min lip height: 0.0, max lip height: 37.50413567394478
2025-02-10 17:09:56,756 - INFO - Current min lip height: 0.0, max lip height: 37.50413567394478
2025-02-10 17:09:56,805 - INFO - Current min lip height: 0.0, max lip height: 37.50413567394478
2025-02-10 17:09:56,856 - INFO - Current min lip height: 0.0, max lip height: 37.50413567394478
2025-02-10 17:09:56,906 - INFO - Current min lip height: 0.0, max lip height: 37.50413567394478
2025-02-10 17:09:56,956 - INFO - Current min lip height: 0.0, max lip height: 37.50413567394478
2025-02-10 17:09:57,007 - INFO - Current min lip height: 0.0, max lip height: 37.50413567394478
2025-02-10 17:09:57,056 - INFO - Current min lip height: 0.0, max lip height: 37.50413567394478
2025-02-10 17:09:57,106 - INFO - Current min lip height: 0.0, max lip height: 37.50413567394478
2025-02-10 17:09:57,156 - INFO - Current min lip height: 0.0, max lip height: 37.50413567394478
2025-02-10 17:09:57,206 - INFO - Current min lip height: 0.0, max lip height: 37.50413567394478
2025-02-10 17:09:57,256 - INFO - Current min lip height: 0.0, max lip height: 37.50413567394478
2025-02-10 17:09:57,305 - INFO - Current min lip height: 0.0, max lip height: 37.50413567394478
2025-02-10 17:09:57,356 - INFO - Current min lip height: 0.0, max lip height: 37.50413567394478
2025-02-10 17:09:57,406 - INFO - Current min lip height: 0.0, max lip height: 37.50413567394478
2025-02-10 17:09:57,456 - INFO - Current min lip height: 0.0, max lip height: 37.50413567394478
2025-02-10 17:09:57,505 - INFO - Current min lip height: 0.0, max lip height: 37.50413567394478
2025-02-10 17:09:57,557 - INFO - Current min lip height: 0.0, max lip height: 37.50413567394478
2025-02-10 17:09:57,606 - INFO - Current min lip height: 0.0, max lip height: 37.50413567394478
2025-02-10 17:09:57,656 - INFO - Current min lip height: 0.0, max lip height: 37.50413567394478
2025-02-10 17:09:57,706 - INFO - Current min lip height: 0.0, max lip height: 37.50413567394478
2025-02-10 17:09:57,757 - INFO - Current min lip height: 0.0, max lip height: 37.50413567394478
2025-02-10 17:09:57,805 - INFO - Current min lip height: 0.0, max lip height: 37.50413567394478
2025-02-10 17:09:57,855 - INFO - Current min lip height: 0.0, max lip height: 37.50413567394478
2025-02-10 17:09:57,915 - INFO - Current min lip height: 0.0, max lip height: 37.50413567394478
2025-02-10 17:09:57,965 - INFO - Current min lip height: 0.0, max lip height: 37.50413567394478
2025-02-10 17:09:58,016 - INFO - Current min lip height: 0.0, max lip height: 37.50413567394478
2025-02-10 17:09:58,066 - INFO - Current min lip height: 0.0, max lip height: 37.50413567394478
2025-02-10 17:09:59,160 - INFO - Transcription: 
2025-02-10 17:10:07,470 - INFO - Transcription: zaten att\u0131m. Onunla atar\u0131m. Ayn\u0131 de\u011fil ama. Yollar filan patl\u0131yor.

2025-02-10 17:10:10,986 - INFO - Transcription: aa hepsinin hepsinin yolu farkl\u0131

2025-02-10 17:10:11,181 - INFO - Current min lip height: 0.0, max lip height: 37.50413567394478
2025-02-10 17:10:11,231 - INFO - Current min lip height: 0.0, max lip height: 37.50413567394478
2025-02-10 17:10:11,281 - INFO - Current min lip height: 0.0, max lip height: 37.50413567394478
2025-02-10 17:10:11,332 - INFO - Current min lip height: 0.0, max lip height: 37.50413567394478
2025-02-10 17:10:11,381 - INFO - Current min lip height: 0.0, max lip height: 37.50413567394478
2025-02-10 17:10:11,431 - INFO - Current min lip height: 0.0, max lip height: 37.50413567394478
2025-02-10 17:10:11,481 - INFO - Current min lip height: 0.0, max lip height: 37.50413567394478
2025-02-10 17:10:11,531 - INFO - Current min lip height: 0.0, max lip height: 37.50413567394478
2025-02-10 17:10:11,580 - INFO - Current min lip height: 0.0, max lip height: 37.50413567394478
2025-02-10 17:10:11,631 - INFO - Current min lip height: 0.0, max lip height: 37.50413567394478
2025-02-10 17:10:11,681 - INFO - Current min lip height: 0.0, max lip height: 37.50413567394478
2025-02-10 17:10:11,731 - INFO - Current min lip height: 0.0, max lip height: 37.50413567394478
2025-02-10 17:10:11,781 - INFO - Current min lip height: 0.0, max lip height: 37.50413567394478
2025-02-10 17:10:11,831 - INFO - Current min lip height: 0.0, max lip height: 37.50413567394478
2025-02-10 17:10:11,882 - INFO - Current min lip height: 0.0, max lip height: 37.50413567394478
2025-02-10 17:10:11,932 - INFO - Current min lip height: 0.0, max lip height: 37.50413567394478
2025-02-10 17:10:11,981 - INFO - Current min lip height: 0.0, max lip height: 37.50413567394478
2025-02-10 17:10:12,032 - INFO - Current min lip height: 0.0, max lip height: 37.50413567394478
2025-02-10 17:10:12,081 - INFO - Current min lip height: 0.0, max lip height: 37.50413567394478
2025-02-10 17:10:12,131 - INFO - Current min lip height: 0.0, max lip height: 37.50413567394478
2025-02-10 17:10:12,180 - INFO - Current min lip height: 0.0, max lip height: 37.50413567394478
2025-02-10 17:10:12,232 - INFO - Current min lip height: 0.0, max lip height: 37.50413567394478
2025-02-10 17:10:12,282 - INFO - Current min lip height: 0.0, max lip height: 37.50413567394478
2025-02-10 17:10:12,332 - INFO - Current min lip height: 0.0, max lip height: 37.50413567394478
2025-02-10 17:10:12,381 - INFO - Current min lip height: 0.0, max lip height: 37.50413567394478
2025-02-10 17:10:12,431 - INFO - Current min lip height: 0.0, max lip height: 37.50413567394478
2025-02-10 17:10:12,481 - INFO - Current min lip height: 0.0, max lip height: 37.50413567394478
2025-02-10 17:10:12,531 - INFO - Current min lip height: 0.0, max lip height: 37.50413567394478
2025-02-10 17:10:12,581 - INFO - Current min lip height: 0.0, max lip height: 37.50413567394478
2025-02-10 17:10:12,631 - INFO - Current min lip height: 0.0, max lip height: 37.50413567394478
2025-02-10 17:10:12,681 - INFO - Current min lip height: 0.0, max lip height: 37.50413567394478
2025-02-10 17:10:12,732 - INFO - Current min lip height: 0.0, max lip height: 37.50413567394478
2025-02-10 17:10:12,782 - INFO - Current min lip height: 0.0, max lip height: 37.50413567394478
2025-02-10 17:10:12,831 - INFO - Current min lip height: 0.0, max lip height: 37.50413567394478
2025-02-10 17:10:12,881 - INFO - Current min lip height: 0.0, max lip height: 37.50413567394478
2025-02-10 17:10:12,931 - INFO - Current min lip height: 0.0, max lip height: 37.50413567394478
2025-02-10 17:10:12,981 - INFO - Current min lip height: 0.0, max lip height: 37.50413567394478
2025-02-10 17:10:13,031 - INFO - Current min lip height: 0.0, max lip height: 37.50413567394478
2025-02-10 17:10:13,083 - INFO - Current min lip height: 0.0, max lip height: 37.50413567394478
2025-02-10 17:10:13,131 - INFO - Current min lip height: 0.0, max lip height: 37.50413567394478
2025-02-10 17:10:13,181 - INFO - Current min lip height: 0.0, max lip height: 37.50413567394478
2025-02-10 17:10:13,232 - INFO - Current min lip height: 0.0, max lip height: 37.50413567394478
2025-02-10 17:10:13,281 - INFO - Current min lip height: 0.0, max lip height: 37.50413567394478
2025-02-10 17:10:13,331 - INFO - Current min lip height: 0.0, max lip height: 37.50413567394478
2025-02-10 17:10:13,381 - INFO - Current min lip height: 0.0, max lip height: 37.50413567394478
2025-02-10 17:10:13,431 - INFO - Current min lip height: 0.0, max lip height: 37.50413567394478
2025-02-10 17:10:13,481 - INFO - Current min lip height: 0.0, max lip height: 37.50413567394478
2025-02-10 17:10:13,531 - INFO - Current min lip height: 0.0, max lip height: 37.50413567394478
2025-02-10 17:10:13,581 - INFO - Current min lip height: 0.0, max lip height: 38.40412408778428
2025-02-10 17:10:13,631 - INFO - Current min lip height: 0.0, max lip height: 38.40412408778428
2025-02-10 17:10:13,680 - INFO - Current min lip height: 0.0, max lip height: 38.40412408778428
2025-02-10 17:10:13,732 - INFO - Current min lip height: 0.0, max lip height: 38.40412408778428
2025-02-10 17:10:13,782 - INFO - Current min lip height: 0.0, max lip height: 38.40412408778428
2025-02-10 17:10:13,831 - INFO - Current min lip height: 0.0, max lip height: 38.40412408778428
2025-02-10 17:10:13,882 - INFO - Current min lip height: 0.0, max lip height: 38.40412408778428
2025-02-10 17:10:13,931 - INFO - Current min lip height: 0.0, max lip height: 38.40412408778428
2025-02-10 17:10:13,981 - INFO - Current min lip height: 0.0, max lip height: 38.40412408778428
2025-02-10 17:10:14,031 - INFO - Current min lip height: 0.0, max lip height: 38.40412408778428
2025-02-10 17:10:14,081 - INFO - Current min lip height: 0.0, max lip height: 38.40412408778428
2025-02-10 17:10:14,131 - INFO - Current min lip height: 0.0, max lip height: 38.40412408778428
2025-02-10 17:10:14,182 - INFO - Current min lip height: 0.0, max lip height: 38.40412408778428
2025-02-10 17:10:14,232 - INFO - Current min lip height: 0.0, max lip height: 38.40412408778428
2025-02-10 17:10:14,282 - INFO - Current min lip height: 0.0, max lip height: 38.40412408778428
2025-02-10 17:10:14,332 - INFO - Current min lip height: 0.0, max lip height: 38.40412408778428
2025-02-10 17:10:14,430 - INFO - Current min lip height: 0.0, max lip height: 38.40412408778428
2025-02-10 17:10:14,466 - INFO - Current min lip height: 0.0, max lip height: 38.40412408778428
2025-02-10 17:10:14,479 - INFO - Current min lip height: 0.0, max lip height: 38.40412408778428
2025-02-10 17:10:14,531 - INFO - Current min lip height: 0.0, max lip height: 38.40412408778428
2025-02-10 17:10:14,581 - INFO - Current min lip height: 0.0, max lip height: 38.40412408778428
2025-02-10 17:10:14,631 - INFO - Current min lip height: 0.0, max lip height: 38.40412408778428
2025-02-10 17:10:14,681 - INFO - Current min lip height: 0.0, max lip height: 38.40412408778428
2025-02-10 17:10:14,731 - INFO - Current min lip height: 0.0, max lip height: 38.40412408778428
2025-02-10 17:10:14,781 - INFO - Current min lip height: 0.0, max lip height: 38.40412408778428
2025-02-10 17:10:14,831 - INFO - Current min lip height: 0.0, max lip height: 38.40412408778428
2025-02-10 17:10:14,881 - INFO - Current min lip height: 0.0, max lip height: 38.40412408778428
2025-02-10 17:10:14,932 - INFO - Current min lip height: 0.0, max lip height: 38.40412408778428
2025-02-10 17:10:14,982 - INFO - Current min lip height: 0.0, max lip height: 38.40412408778428
2025-02-10 17:10:15,032 - INFO - Current min lip height: 0.0, max lip height: 38.40412408778428
2025-02-10 17:10:15,081 - INFO - Current min lip height: 0.0, max lip height: 38.40412408778428
2025-02-10 17:10:15,131 - INFO - Current min lip height: 0.0, max lip height: 38.40412408778428
2025-02-10 17:10:15,181 - INFO - Current min lip height: 0.0, max lip height: 38.40412408778428
2025-02-10 17:10:15,231 - INFO - Current min lip height: 0.0, max lip height: 38.40412408778428
2025-02-10 17:10:15,281 - INFO - Current min lip height: 0.0, max lip height: 38.40412408778428
2025-02-10 17:10:15,331 - INFO - Current min lip height: 0.0, max lip height: 38.40412408778428
2025-02-10 17:10:15,381 - INFO - Current min lip height: 0.0, max lip height: 38.40412408778428
2025-02-10 17:10:15,431 - INFO - Current min lip height: 0.0, max lip height: 38.40412408778428
2025-02-10 17:10:15,482 - INFO - Current min lip height: 0.0, max lip height: 38.40412408778428
2025-02-10 17:10:15,531 - INFO - Current min lip height: 0.0, max lip height: 38.40412408778428
2025-02-10 17:10:15,582 - INFO - Current min lip height: 0.0, max lip height: 38.40412408778428
2025-02-10 17:10:15,631 - INFO - Current min lip height: 0.0, max lip height: 38.40412408778428
2025-02-10 17:10:15,681 - INFO - Current min lip height: 0.0, max lip height: 38.40412408778428
2025-02-10 17:10:15,731 - INFO - Current min lip height: 0.0, max lip height: 38.40412408778428
2025-02-10 17:10:15,781 - INFO - Current min lip height: 0.0, max lip height: 38.40412408778428
2025-02-10 17:10:15,830 - INFO - Current min lip height: 0.0, max lip height: 38.40412408778428
2025-02-10 17:10:15,881 - INFO - Current min lip height: 0.0, max lip height: 38.40412408778428
2025-02-10 17:10:15,931 - INFO - Current min lip height: 0.0, max lip height: 38.40412408778428
2025-02-10 17:10:15,981 - INFO - Current min lip height: 0.0, max lip height: 38.40412408778428
2025-02-10 17:10:16,031 - INFO - Current min lip height: 0.0, max lip height: 38.40412408778428
2025-02-10 17:10:16,081 - INFO - Current min lip height: 0.0, max lip height: 38.40412408778428
2025-02-10 17:10:16,132 - INFO - Current min lip height: 0.0, max lip height: 38.40412408778428
2025-02-10 17:10:16,181 - INFO - Current min lip height: 0.0, max lip height: 38.40412408778428
2025-02-10 17:10:16,231 - INFO - Current min lip height: 0.0, max lip height: 38.40412408778428
2025-02-10 17:10:16,280 - INFO - Current min lip height: 0.0, max lip height: 38.40412408778428
2025-02-10 17:10:16,331 - INFO - Current min lip height: 0.0, max lip height: 38.40412408778428
2025-02-10 17:10:16,381 - INFO - Current min lip height: 0.0, max lip height: 38.40412408778428
2025-02-10 17:10:16,431 - INFO - Current min lip height: 0.0, max lip height: 38.40412408778428
2025-02-10 17:10:16,481 - INFO - Current min lip height: 0.0, max lip height: 38.40412408778428
2025-02-10 17:10:16,532 - INFO - Current min lip height: 0.0, max lip height: 38.40412408778428
2025-02-10 17:10:16,581 - INFO - Current min lip height: 0.0, max lip height: 38.40412408778428
2025-02-10 17:10:16,632 - INFO - Current min lip height: 0.0, max lip height: 38.40412408778428
2025-02-10 17:10:16,682 - INFO - Current min lip height: 0.0, max lip height: 38.40412408778428
2025-02-10 17:10:16,732 - INFO - Current min lip height: 0.0, max lip height: 38.40412408778428
2025-02-10 17:10:16,781 - INFO - Current min lip height: 0.0, max lip height: 38.40412408778428
2025-02-10 17:10:16,831 - INFO - Current min lip height: 0.0, max lip height: 38.40412408778428
2025-02-10 17:10:16,881 - INFO - Current min lip height: 0.0, max lip height: 38.40412408778428
2025-02-10 17:10:16,931 - INFO - Current min lip height: 0.0, max lip height: 38.40412408778428
2025-02-10 17:10:16,982 - INFO - Current min lip height: 0.0, max lip height: 38.40412408778428
2025-02-10 17:10:17,032 - INFO - Current min lip height: 0.0, max lip height: 38.40412408778428
2025-02-10 17:10:17,081 - INFO - Current min lip height: 0.0, max lip height: 38.40412408778428
2025-02-10 17:10:17,134 - INFO - Current min lip height: 0.0, max lip height: 38.40412408778428
2025-02-10 17:10:17,184 - INFO - Current min lip height: 0.0, max lip height: 38.40412408778428
2025-02-10 17:10:17,232 - INFO - Current min lip height: 0.0, max lip height: 38.40412408778428
2025-02-10 17:10:17,281 - INFO - Current min lip height: 0.0, max lip height: 38.40412408778428
2025-02-10 17:10:17,331 - INFO - Current min lip height: 0.0, max lip height: 38.40412408778428
2025-02-10 17:10:17,381 - INFO - Current min lip height: 0.0, max lip height: 38.40412408778428
2025-02-10 17:10:17,432 - INFO - Current min lip height: 0.0, max lip height: 38.40412408778428
2025-02-10 17:10:17,482 - INFO - Current min lip height: 0.0, max lip height: 38.40412408778428
2025-02-10 17:10:17,532 - INFO - Current min lip height: 0.0, max lip height: 38.40412408778428
2025-02-10 17:10:17,582 - INFO - Current min lip height: 0.0, max lip height: 38.40412408778428
2025-02-10 17:10:17,631 - INFO - Current min lip height: 0.0, max lip height: 38.40412408778428
2025-02-10 17:10:17,682 - INFO - Current min lip height: 0.0, max lip height: 38.40412408778428
2025-02-10 17:10:17,745 - INFO - Current min lip height: 0.0, max lip height: 38.40412408778428
2025-02-10 17:10:17,783 - INFO - Current min lip height: 0.0, max lip height: 38.40412408778428
2025-02-10 17:10:17,833 - INFO - Current min lip height: 0.0, max lip height: 38.40412408778428
2025-02-10 17:10:17,881 - INFO - Current min lip height: 0.0, max lip height: 38.40412408778428
2025-02-10 17:10:17,933 - INFO - Current min lip height: 0.0, max lip height: 38.40412408778428
2025-02-10 17:10:17,982 - INFO - Current min lip height: 0.0, max lip height: 38.40412408778428
2025-02-10 17:10:18,032 - INFO - Current min lip height: 0.0, max lip height: 38.40412408778428
2025-02-10 17:10:18,082 - INFO - Current min lip height: 0.0, max lip height: 38.40412408778428
2025-02-10 17:10:18,132 - INFO - Current min lip height: 0.0, max lip height: 38.40412408778428
2025-02-10 17:10:18,183 - INFO - Current min lip height: 0.0, max lip height: 38.40412408778428
2025-02-10 17:10:18,232 - INFO - Current min lip height: 0.0, max lip height: 38.40412408778428
2025-02-10 17:10:18,282 - INFO - Current min lip height: 0.0, max lip height: 38.40412408778428
2025-02-10 17:10:18,333 - INFO - Current min lip height: 0.0, max lip height: 38.40412408778428
2025-02-10 17:10:18,384 - INFO - Current min lip height: 0.0, max lip height: 38.40412408778428
2025-02-10 17:10:18,433 - INFO - Current min lip height: 0.0, max lip height: 38.40412408778428
2025-02-10 17:10:18,482 - INFO - Current min lip height: 0.0, max lip height: 38.40412408778428
2025-02-10 17:10:18,533 - INFO - Current min lip height: 0.0, max lip height: 38.40412408778428
2025-02-10 17:10:18,582 - INFO - Current min lip height: 0.0, max lip height: 38.40412408778428
2025-02-10 17:10:18,632 - INFO - Current min lip height: 0.0, max lip height: 38.40412408778428
2025-02-10 17:10:18,682 - INFO - Current min lip height: 0.0, max lip height: 38.40412408778428
2025-02-10 17:10:18,731 - INFO - Current min lip height: 0.0, max lip height: 38.40412408778428
2025-02-10 17:10:18,783 - INFO - Current min lip height: 0.0, max lip height: 38.40412408778428
2025-02-10 17:10:18,832 - INFO - Current min lip height: 0.0, max lip height: 38.40412408778428
2025-02-10 17:10:18,882 - INFO - Current min lip height: 0.0, max lip height: 38.40412408778428
2025-02-10 17:10:18,933 - INFO - Current min lip height: 0.0, max lip height: 38.40412408778428
